<?xml version="1.0" encoding="UTF-8"?>
<!-- Generated by org.testng.reporters.JUnitXMLReporter -->
<testsuite ignored="0" hostname="LAPTOP-KGDMBK1V" failures="1" tests="1" name="Default test(failed)" time="31.222" errors="0" timestamp="2021-10-24T11:11:15 IST">
  <testcase classname="com.testingshastra.uitests.SignupPageTests" name="validateFulltNameFieldForCorrectInput" time="10.156">
    <failure type="java.lang.NullPointerException" message="Cannot invoke &amp;quot;org.openqa.selenium.WebElement.click()&amp;quot; because the return value of &amp;quot;com.testingshastra.keywords.UIKeywords.getWebElement(String, String)&amp;quot; is null">
      <![CDATA[java.lang.NullPointerException: Cannot invoke "org.openqa.selenium.WebElement.click()" because the return value of "com.testingshastra.keywords.UIKeywords.getWebElement(String, String)" is null
at com.testingshastra.keywords.UIKeywords.click(UIKeywords.java:169)
at com.testingshastra.uitests.SignupPageTests.validateFulltNameFieldForCorrectInput(SignupPageTests.java:25)
at java.base/java.util.ArrayList.forEach(ArrayList.java:1511)
... Removed 27 stack frames]]>
    </failure>
  </testcase> <!-- validateFulltNameFieldForCorrectInput -->
</testsuite> <!-- Default test(failed) -->
