<?xml version="1.0" encoding="UTF-8"?>
<!-- Generated by org.testng.reporters.JUnitXMLReporter -->
<testsuite ignored="0" hostname="LAPTOP-KGDMBK1V" failures="0" tests="4" name="Test" time="124.782" errors="0" timestamp="2021-11-28T18:50:50 IST">
  <testcase classname="com.testingshastra.uitests.SignupPageTests" name="validateFulltNameFieldForCorrectInput" time="15.484"/>
  <testcase classname="com.testingshastra.uitests.HomePageTests" name="printAllInfoLinks" time="1.184"/>
  <testcase classname="com.testingshastra.uitests.HomePageTests" name="verifyIfUserRedirectsToJoinMeetingPage" time="9.89"/>
  <testcase classname="com.testingshastra.uitests.HomePageTests" name="verifyTitleofHomePage" time="0.022"/>
</testsuite> <!-- Test -->
