<?xml version="1.0" encoding="UTF-8"?>
<!-- Generated by org.testng.reporters.JUnitXMLReporter -->
<testsuite ignored="0" hostname="LAPTOP-KGDMBK1V" failures="0" tests="4" name="Test" time="156.145" errors="0" timestamp="2021-11-29T15:21:36 IST">
  <testcase classname="com.testingshastra.uitests.SignupPageTests" name="validateFulltNameFieldForCorrectInput" time="14.705"/>
  <testcase classname="com.testingshastra.uitests.HomePageTests" name="printAllInfoLinks" time="0.535"/>
  <testcase classname="com.testingshastra.uitests.HomePageTests" name="verifyIfUserRedirectsToJoinMeetingPage" time="7.701"/>
  <testcase classname="com.testingshastra.uitests.HomePageTests" name="verifyTitleofHomePage" time="0.083"/>
</testsuite> <!-- Test -->
