<?xml version="1.0" encoding="UTF-8"?>
<testng-results ignored="0" total="4" passed="4" failed="0" skipped="0">
  <reporter-output>
  </reporter-output>
  <suite started-at="2021-11-29T15:19:00 IST" name="Suite" finished-at="2021-11-29T15:21:36 IST" duration-ms="156145">
    <groups>
    </groups>
    <test started-at="2021-11-29T15:19:00 IST" name="Test" finished-at="2021-11-29T15:21:36 IST" duration-ms="156145">
      <class name="com.testingshastra.uitests.SignupPageTests">
        <test-method is-config="true" signature="setUp()[pri:0, instance:com.testingshastra.uitests.SignupPageTests@3e27ba32]" started-at="2021-11-29T15:19:00 IST" name="setUp" finished-at="2021-11-29T15:20:21 IST" duration-ms="80720" status="PASS">
          <reporter-output>
          </reporter-output>
        </test-method> <!-- setUp -->
        <test-method signature="validateFulltNameFieldForCorrectInput()[pri:0, instance:com.testingshastra.uitests.SignupPageTests@3e27ba32]" started-at="2021-11-29T15:20:21 IST" name="validateFulltNameFieldForCorrectInput" finished-at="2021-11-29T15:20:36 IST" duration-ms="14705" status="PASS">
          <reporter-output>
          </reporter-output>
        </test-method> <!-- validateFulltNameFieldForCorrectInput -->
        <test-method is-config="true" signature="tearDown()[pri:0, instance:com.testingshastra.uitests.SignupPageTests@3e27ba32]" started-at="2021-11-29T15:20:36 IST" name="tearDown" finished-at="2021-11-29T15:20:40 IST" duration-ms="4682" status="PASS">
          <reporter-output>
          </reporter-output>
        </test-method> <!-- tearDown -->
      </class> <!-- com.testingshastra.uitests.SignupPageTests -->
      <class name="com.testingshastra.uitests.HomePageTests">
        <test-method is-config="true" signature="setUp()[pri:0, instance:com.testingshastra.uitests.HomePageTests@7ef82753]" started-at="2021-11-29T15:20:41 IST" name="setUp" finished-at="2021-11-29T15:21:03 IST" duration-ms="22305" status="PASS">
          <reporter-output>
          </reporter-output>
        </test-method> <!-- setUp -->
        <test-method signature="printAllInfoLinks()[pri:0, instance:com.testingshastra.uitests.HomePageTests@7ef82753]" started-at="2021-11-29T15:21:03 IST" name="printAllInfoLinks" finished-at="2021-11-29T15:21:03 IST" duration-ms="535" status="PASS">
          <reporter-output>
          </reporter-output>
        </test-method> <!-- printAllInfoLinks -->
        <test-method is-config="true" signature="tearDown()[pri:0, instance:com.testingshastra.uitests.HomePageTests@7ef82753]" started-at="2021-11-29T15:21:03 IST" name="tearDown" finished-at="2021-11-29T15:21:05 IST" duration-ms="1371" status="PASS">
          <reporter-output>
          </reporter-output>
        </test-method> <!-- tearDown -->
        <test-method is-config="true" signature="setUp()[pri:0, instance:com.testingshastra.uitests.HomePageTests@7ef82753]" started-at="2021-11-29T15:21:05 IST" name="setUp" finished-at="2021-11-29T15:21:18 IST" duration-ms="13328" status="PASS">
          <reporter-output>
          </reporter-output>
        </test-method> <!-- setUp -->
        <test-method signature="verifyIfUserRedirectsToJoinMeetingPage()[pri:0, instance:com.testingshastra.uitests.HomePageTests@7ef82753]" started-at="2021-11-29T15:21:18 IST" name="verifyIfUserRedirectsToJoinMeetingPage" finished-at="2021-11-29T15:21:26 IST" duration-ms="7701" status="PASS">
          <reporter-output>
          </reporter-output>
        </test-method> <!-- verifyIfUserRedirectsToJoinMeetingPage -->
        <test-method is-config="true" signature="tearDown()[pri:0, instance:com.testingshastra.uitests.HomePageTests@7ef82753]" started-at="2021-11-29T15:21:26 IST" name="tearDown" finished-at="2021-11-29T15:21:27 IST" duration-ms="1228" status="PASS">
          <reporter-output>
          </reporter-output>
        </test-method> <!-- tearDown -->
        <test-method is-config="true" signature="setUp()[pri:0, instance:com.testingshastra.uitests.HomePageTests@7ef82753]" started-at="2021-11-29T15:21:27 IST" name="setUp" finished-at="2021-11-29T15:21:35 IST" duration-ms="8356" status="PASS">
          <reporter-output>
          </reporter-output>
        </test-method> <!-- setUp -->
        <test-method signature="verifyTitleofHomePage()[pri:0, instance:com.testingshastra.uitests.HomePageTests@7ef82753]" started-at="2021-11-29T15:21:35 IST" name="verifyTitleofHomePage" finished-at="2021-11-29T15:21:35 IST" duration-ms="83" status="PASS">
          <reporter-output>
          </reporter-output>
        </test-method> <!-- verifyTitleofHomePage -->
        <test-method is-config="true" signature="tearDown()[pri:0, instance:com.testingshastra.uitests.HomePageTests@7ef82753]" started-at="2021-11-29T15:21:35 IST" name="tearDown" finished-at="2021-11-29T15:21:36 IST" duration-ms="1042" status="PASS">
          <reporter-output>
          </reporter-output>
        </test-method> <!-- tearDown -->
      </class> <!-- com.testingshastra.uitests.HomePageTests -->
    </test> <!-- Test -->
  </suite> <!-- Suite -->
</testng-results>
