<?xml version="1.0" encoding="UTF-8"?>
<testng-results ignored="0" total="4" passed="4" failed="0" skipped="0">
  <reporter-output>
  </reporter-output>
  <suite started-at="2021-11-28T18:48:45 IST" name="Suite" finished-at="2021-11-28T18:50:50 IST" duration-ms="124782">
    <groups>
    </groups>
    <test started-at="2021-11-28T18:48:45 IST" name="Test" finished-at="2021-11-28T18:50:50 IST" duration-ms="124782">
      <class name="com.testingshastra.uitests.HomePageTests">
        <test-method is-config="true" signature="setUp()[pri:0, instance:com.testingshastra.uitests.HomePageTests@4722ef0c]" started-at="2021-11-28T18:49:45 IST" name="setUp" finished-at="2021-11-28T18:50:08 IST" duration-ms="23303" status="PASS">
          <reporter-output>
          </reporter-output>
        </test-method> <!-- setUp -->
        <test-method signature="printAllInfoLinks()[pri:0, instance:com.testingshastra.uitests.HomePageTests@4722ef0c]" started-at="2021-11-28T18:50:08 IST" name="printAllInfoLinks" finished-at="2021-11-28T18:50:09 IST" duration-ms="1184" status="PASS">
          <reporter-output>
          </reporter-output>
        </test-method> <!-- printAllInfoLinks -->
        <test-method is-config="true" signature="tearDown()[pri:0, instance:com.testingshastra.uitests.HomePageTests@4722ef0c]" started-at="2021-11-28T18:50:09 IST" name="tearDown" finished-at="2021-11-28T18:50:10 IST" duration-ms="967" status="PASS">
          <reporter-output>
          </reporter-output>
        </test-method> <!-- tearDown -->
        <test-method is-config="true" signature="setUp()[pri:0, instance:com.testingshastra.uitests.HomePageTests@4722ef0c]" started-at="2021-11-28T18:50:10 IST" name="setUp" finished-at="2021-11-28T18:50:24 IST" duration-ms="13603" status="PASS">
          <reporter-output>
          </reporter-output>
        </test-method> <!-- setUp -->
        <test-method signature="verifyIfUserRedirectsToJoinMeetingPage()[pri:0, instance:com.testingshastra.uitests.HomePageTests@4722ef0c]" started-at="2021-11-28T18:50:24 IST" name="verifyIfUserRedirectsToJoinMeetingPage" finished-at="2021-11-28T18:50:34 IST" duration-ms="9890" status="PASS">
          <reporter-output>
          </reporter-output>
        </test-method> <!-- verifyIfUserRedirectsToJoinMeetingPage -->
        <test-method is-config="true" signature="tearDown()[pri:0, instance:com.testingshastra.uitests.HomePageTests@4722ef0c]" started-at="2021-11-28T18:50:34 IST" name="tearDown" finished-at="2021-11-28T18:50:35 IST" duration-ms="962" status="PASS">
          <reporter-output>
          </reporter-output>
        </test-method> <!-- tearDown -->
        <test-method is-config="true" signature="setUp()[pri:0, instance:com.testingshastra.uitests.HomePageTests@4722ef0c]" started-at="2021-11-28T18:50:35 IST" name="setUp" finished-at="2021-11-28T18:50:49 IST" duration-ms="13693" status="PASS">
          <reporter-output>
          </reporter-output>
        </test-method> <!-- setUp -->
        <test-method signature="verifyTitleofHomePage()[pri:0, instance:com.testingshastra.uitests.HomePageTests@4722ef0c]" started-at="2021-11-28T18:50:49 IST" name="verifyTitleofHomePage" finished-at="2021-11-28T18:50:49 IST" duration-ms="22" status="PASS">
          <reporter-output>
          </reporter-output>
        </test-method> <!-- verifyTitleofHomePage -->
        <test-method is-config="true" signature="tearDown()[pri:0, instance:com.testingshastra.uitests.HomePageTests@4722ef0c]" started-at="2021-11-28T18:50:49 IST" name="tearDown" finished-at="2021-11-28T18:50:50 IST" duration-ms="988" status="PASS">
          <reporter-output>
          </reporter-output>
        </test-method> <!-- tearDown -->
      </class> <!-- com.testingshastra.uitests.HomePageTests -->
      <class name="com.testingshastra.uitests.SignupPageTests">
        <test-method is-config="true" signature="setUp()[pri:0, instance:com.testingshastra.uitests.SignupPageTests@338fc1d8]" started-at="2021-11-28T18:48:45 IST" name="setUp" finished-at="2021-11-28T18:49:27 IST" duration-ms="42307" status="PASS">
          <reporter-output>
          </reporter-output>
        </test-method> <!-- setUp -->
        <test-method signature="validateFulltNameFieldForCorrectInput()[pri:0, instance:com.testingshastra.uitests.SignupPageTests@338fc1d8]" started-at="2021-11-28T18:49:27 IST" name="validateFulltNameFieldForCorrectInput" finished-at="2021-11-28T18:49:43 IST" duration-ms="15484" status="PASS">
          <reporter-output>
          </reporter-output>
        </test-method> <!-- validateFulltNameFieldForCorrectInput -->
        <test-method is-config="true" signature="tearDown()[pri:0, instance:com.testingshastra.uitests.SignupPageTests@338fc1d8]" started-at="2021-11-28T18:49:43 IST" name="tearDown" finished-at="2021-11-28T18:49:45 IST" duration-ms="2228" status="PASS">
          <reporter-output>
          </reporter-output>
        </test-method> <!-- tearDown -->
      </class> <!-- com.testingshastra.uitests.SignupPageTests -->
    </test> <!-- Test -->
  </suite> <!-- Suite -->
</testng-results>
